{"sessionId":"f20961","hypothesisId":"H3","location":"LobbyManager.CheckPlayerName","message":"skipped_not_in_room","data":{},"timestamp":1778124494179}
{"sessionId":"f20961","hypothesisId":"H1","location":"UnitLoaderController.OnPlayerLeftRoom","message":"player_left","data":{"leftActor":1,"stillInPlayerList":false,"heroIndex":-1,"readyIndex":0,"msgQueue":true,"actors":"2,3,4,5"},"timestamp":1778124790720}
{"sessionId":"f20961","hypothesisId":"H1","location":"UnitLoaderController.OnPlayerLeftRoom","message":"after_dict_sync","data":{"removedActor":1,"heroSlotsWithData":"0000","dictActors":""},"timestamp":1778124790725}
{"sessionId":"f20961","hypothesisId":"H2","location":"CreateAndJoinRooms.OnJoinedRoom","message":"before_password_check","data":{"msgQueue":true,"room":"12"},"timestamp":1778125031504}
{"sessionId":"f20961","hypothesisId":"H3","location":"LobbyManager.CheckPlayerName","message":"enter","data":{"isMaster":true,"localActor":1,"msgQueue":true,"scene":"Lobby","actors":"1"},"timestamp":1778125033500}
{"sessionId":"f20961","hypothesisId":"H2","location":"CreateAndJoinRooms.OnJoinedRoom","message":"before_password_check","data":{"msgQueue":true,"room":"1"},"timestamp":1778125394630}
{"sessionId":"f20961","hypothesisId":"H3","location":"LobbyManager.CheckPlayerName","message":"enter","data":{"isMaster":true,"localActor":1,"msgQueue":true,"scene":"Lobby","actors":"1"},"timestamp":1778125396591}
{"sessionId":"f20961","hypothesisId":"H5","location":"LobbyManager.AskForNewCharacter","message":"master_rpc","data":{"reqPlayerID":1,"msgQueue":true,"scene":"Lobby","actors":"1,2"},"timestamp":1778125410502}
{"sessionId":"f20961","hypothesisId":"H5","location":"LobbyManager.AskForNewCharacter","message":"master_rpc","data":{"reqPlayerID":2,"msgQueue":true,"scene":"Lobby","actors":"1,2"},"timestamp":1778125410509}
{"sessionId":"f20961","hypothesisId":"H5","location":"LobbyManager.AskForNewCharacter","message":"master_rpc","data":{"reqPlayerID":2,"msgQueue":true,"scene":"Lobby","actors":"1,2"},"timestamp":1778125410514}
{"sessionId":"f20961","hypothesisId":"H5","location":"LobbyManager.AskForNewCharacter","message":"master_rpc","data":{"reqPlayerID":1,"msgQueue":true,"scene":"Lobby","actors":"1,2,3"},"timestamp":1778125436013}
{"sessionId":"f20961","hypothesisId":"H5","location":"LobbyManager.AskForNewCharacter","message":"master_rpc","data":{"reqPlayerID":2,"msgQueue":true,"scene":"Lobby","actors":"1,2,3"},"timestamp":1778125436015}
{"sessionId":"f20961","hypothesisId":"H5","location":"LobbyManager.AskForNewCharacter","message":"master_rpc","data":{"reqPlayerID":3,"msgQueue":true,"scene":"Lobby","actors":"1,2,3"},"timestamp":1778125436017}
{"sessionId":"f20961","hypothesisId":"H5","location":"LobbyManager.AskForNewCharacter","message":"master_rpc","data":{"reqPlayerID":3,"msgQueue":true,"scene":"Lobby","actors":"1,2,3"},"timestamp":1778125436019}
{"sessionId":"f20961","hypothesisId":"H5","location":"LobbyManager.AskForNewCharacter","message":"master_rpc","data":{"reqPlayerID":1,"msgQueue":true,"scene":"Lobby","actors":"1,2,3,4"},"timestamp":1778125452874}
{"sessionId":"f20961","hypothesisId":"H5","location":"LobbyManager.AskForNewCharacter","message":"master_rpc","data":{"reqPlayerID":2,"msgQueue":true,"scene":"Lobby","actors":"1,2,3,4"},"timestamp":1778125452876}
{"sessionId":"f20961","hypothesisId":"H5","location":"LobbyManager.AskForNewCharacter","message":"master_rpc","data":{"reqPlayerID":3,"msgQueue":true,"scene":"Lobby","actors":"1,2,3,4"},"timestamp":1778125452879}
{"sessionId":"f20961","hypothesisId":"H5","location":"LobbyManager.AskForNewCharacter","message":"master_rpc","data":{"reqPlayerID":4,"msgQueue":true,"scene":"Lobby","actors":"1,2,3,4"},"timestamp":1778125452881}
{"sessionId":"f20961","hypothesisId":"H5","location":"LobbyManager.AskForNewCharacter","message":"master_rpc","data":{"reqPlayerID":4,"msgQueue":true,"scene":"Lobby","actors":"1,2,3,4"},"timestamp":1778125452883}
{"sessionId":"f20961","hypothesisId":"H5","location":"LobbyManager.AskForNewCharacter","message":"master_rpc","data":{"reqPlayerID":1,"msgQueue":true,"scene":"Lobby","actors":"1,2,3,4,5"},"timestamp":1778125466072}
{"sessionId":"f20961","hypothesisId":"H5","location":"LobbyManager.AskForNewCharacter","message":"master_rpc","data":{"reqPlayerID":2,"msgQueue":true,"scene":"Lobby","actors":"1,2,3,4,5"},"timestamp":1778125466074}
{"sessionId":"f20961","hypothesisId":"H5","location":"LobbyManager.AskForNewCharacter","message":"master_rpc","data":{"reqPlayerID":3,"msgQueue":true,"scene":"Lobby","actors":"1,2,3,4,5"},"timestamp":1778125466078}
{"sessionId":"f20961","hypothesisId":"H5","location":"LobbyManager.AskForNewCharacter","message":"master_rpc","data":{"reqPlayerID":4,"msgQueue":true,"scene":"Lobby","actors":"1,2,3,4,5"},"timestamp":1778125466080}
{"sessionId":"f20961","hypothesisId":"H5","location":"LobbyManager.AskForNewCharacter","message":"master_rpc","data":{"reqPlayerID":5,"msgQueue":true,"scene":"Lobby","actors":"1,2,3,4,5"},"timestamp":1778125466082}
{"sessionId":"f20961","hypothesisId":"H5","location":"LobbyManager.AskForNewCharacter","message":"master_rpc","data":{"reqPlayerID":5,"msgQueue":true,"scene":"Lobby","actors":"1,2,3,4,5"},"timestamp":1778125466084}
{"sessionId":"f20961","hypothesisId":"H4","location":"TimerAndLoadGame.Start","message":"shop_timer_ui_after_ui","data":{"lvl":1,"isMaster":true,"slider1Active":false,"slider2Active":false,"shopActive":false,"shopCtrlActive":false,"scene":"UnitsSelection"},"timestamp":1778125484341}
{"sessionId":"f20961","hypothesisId":"H4","location":"TimerAndLoadGame.Start","message":"shop_timer_ui_after_ui","data":{"lvl":2,"isMaster":true,"slider1Active":false,"slider2Active":false,"shopActive":false,"shopCtrlActive":true,"scene":"UnitsSelection"},"timestamp":1778125544271}
{"sessionId":"f20961","hypothesisId":"H4","location":"TimerAndLoadGame.Start","message":"shop_timer_ui_after_ui","data":{"lvl":3,"isMaster":true,"slider1Active":false,"slider2Active":false,"shopActive":false,"shopCtrlActive":true,"scene":"UnitsSelection"},"timestamp":1778125671730}
{"sessionId":"f20961","hypothesisId":"H2","location":"CreateAndJoinRooms.OnJoinedRoom","message":"before_password_check","data":{"msgQueue":true,"room":"22"},"timestamp":1778125776985}
{"sessionId":"f20961","hypothesisId":"H3","location":"LobbyManager.CheckPlayerName","message":"enter","data":{"isMaster":true,"localActor":1,"msgQueue":true,"scene":"Lobby","actors":"1"},"timestamp":1778125778748}
{"sessionId":"f20961","hypothesisId":"H5","location":"LobbyManager.AskForNewCharacter","message":"master_rpc","data":{"reqPlayerID":1,"msgQueue":true,"scene":"Lobby","actors":"1,2"},"timestamp":1778125782689}
{"sessionId":"f20961","hypothesisId":"H5","location":"LobbyManager.AskForNewCharacter","message":"master_rpc","data":{"reqPlayerID":2,"msgQueue":true,"scene":"Lobby","actors":"1,2"},"timestamp":1778125782692}
{"sessionId":"f20961","hypothesisId":"H5","location":"LobbyManager.AskForNewCharacter","message":"master_rpc","data":{"reqPlayerID":2,"msgQueue":true,"scene":"Lobby","actors":"1,2"},"timestamp":1778125782696}
{"sessionId":"f20961","hypothesisId":"H5","location":"LobbyManager.AskForNewCharacter","message":"master_rpc","data":{"reqPlayerID":1,"msgQueue":true,"scene":"Lobby","actors":"1,2,3"},"timestamp":1778125790112}
{"sessionId":"f20961","hypothesisId":"H5","location":"LobbyManager.AskForNewCharacter","message":"master_rpc","data":{"reqPlayerID":2,"msgQueue":true,"scene":"Lobby","actors":"1,2,3"},"timestamp":1778125790114}
{"sessionId":"f20961","hypothesisId":"H5","location":"LobbyManager.AskForNewCharacter","message":"master_rpc","data":{"reqPlayerID":3,"msgQueue":true,"scene":"Lobby","actors":"1,2,3"},"timestamp":1778125790116}
{"sessionId":"f20961","hypothesisId":"H5","location":"LobbyManager.AskForNewCharacter","message":"master_rpc","data":{"reqPlayerID":3,"msgQueue":true,"scene":"Lobby","actors":"1,2,3"},"timestamp":1778125790118}
{"sessionId":"f20961","hypothesisId":"H5","location":"LobbyManager.AskForNewCharacter","message":"master_rpc","data":{"reqPlayerID":1,"msgQueue":true,"scene":"Lobby","actors":"1,2,3,4"},"timestamp":1778125811529}
{"sessionId":"f20961","hypothesisId":"H5","location":"LobbyManager.AskForNewCharacter","message":"master_rpc","data":{"reqPlayerID":2,"msgQueue":true,"scene":"Lobby","actors":"1,2,3,4"},"timestamp":1778125811533}
{"sessionId":"f20961","hypothesisId":"H5","location":"LobbyManager.AskForNewCharacter","message":"master_rpc","data":{"reqPlayerID":3,"msgQueue":true,"scene":"Lobby","actors":"1,2,3,4"},"timestamp":1778125811536}
{"sessionId":"f20961","hypothesisId":"H5","location":"LobbyManager.AskForNewCharacter","message":"master_rpc","data":{"reqPlayerID":4,"msgQueue":true,"scene":"Lobby","actors":"1,2,3,4"},"timestamp":1778125811539}
{"sessionId":"f20961","hypothesisId":"H5","location":"LobbyManager.AskForNewCharacter","message":"master_rpc","data":{"reqPlayerID":4,"msgQueue":true,"scene":"Lobby","actors":"1,2,3,4"},"timestamp":1778125811543}
{"sessionId":"f20961","hypothesisId":"H5","location":"LobbyManager.AskForNewCharacter","message":"master_rpc","data":{"reqPlayerID":1,"msgQueue":true,"scene":"Lobby","actors":"1,2,3,4,5"},"timestamp":1778125833596}
{"sessionId":"f20961","hypothesisId":"H5","location":"LobbyManager.AskForNewCharacter","message":"master_rpc","data":{"reqPlayerID":2,"msgQueue":true,"scene":"Lobby","actors":"1,2,3,4,5"},"timestamp":1778125833613}
{"sessionId":"f20961","hypothesisId":"H5","location":"LobbyManager.AskForNewCharacter","message":"master_rpc","data":{"reqPlayerID":3,"msgQueue":true,"scene":"Lobby","actors":"1,2,3,4,5"},"timestamp":1778125833616}
{"sessionId":"f20961","hypothesisId":"H5","location":"LobbyManager.AskForNewCharacter","message":"master_rpc","data":{"reqPlayerID":4,"msgQueue":true,"scene":"Lobby","actors":"1,2,3,4,5"},"timestamp":1778125833619}
{"sessionId":"f20961","hypothesisId":"H5","location":"LobbyManager.AskForNewCharacter","message":"master_rpc","data":{"reqPlayerID":5,"msgQueue":true,"scene":"Lobby","actors":"1,2,3,4,5"},"timestamp":1778125833621}
{"sessionId":"f20961","hypothesisId":"H5","location":"LobbyManager.AskForNewCharacter","message":"master_rpc","data":{"reqPlayerID":5,"msgQueue":true,"scene":"Lobby","actors":"1,2,3,4,5"},"timestamp":1778125833628}
{"sessionId":"f20961","hypothesisId":"H4","location":"TimerAndLoadGame.Start","message":"shop_timer_ui_after_ui","data":{"lvl":1,"isMaster":true,"slider1Active":false,"slider2Active":false,"shopActive":false,"shopCtrlActive":false,"scene":"UnitsSelection"},"timestamp":1778125841736}
{"sessionId":"f20961","hypothesisId":"H4","location":"TimerAndLoadGame.Start","message":"shop_timer_ui_after_ui","data":{"lvl":2,"isMaster":true,"slider1Active":false,"slider2Active":false,"shopActive":false,"shopCtrlActive":true,"scene":"UnitsSelection"},"timestamp":1778125901351}
{"sessionId":"f20961","hypothesisId":"H4","location":"TimerAndLoadGame.Start","message":"shop_timer_ui_after_ui","data":{"lvl":3,"isMaster":true,"slider1Active":false,"slider2Active":false,"shopActive":false,"shopCtrlActive":true,"scene":"UnitsSelection"},"timestamp":1778126234830}
{"sessionId":"f20961","hypothesisId":"H2","location":"CreateAndJoinRooms.OnJoinedRoom","message":"before_password_check","data":{"msgQueue":true,"room":"f"},"timestamp":1778126839240}
{"sessionId":"f20961","hypothesisId":"H3","location":"LobbyManager.CheckPlayerName","message":"enter","data":{"isMaster":true,"localActor":1,"msgQueue":true,"scene":"Lobby","actors":"1"},"timestamp":1778126842604}
{"sessionId":"f20961","hypothesisId":"H5","location":"LobbyManager.AskForNewCharacter","message":"master_rpc","data":{"reqPlayerID":1,"msgQueue":true,"scene":"Lobby","actors":"1,2"},"timestamp":1778126869528}
{"sessionId":"f20961","hypothesisId":"H5","location":"LobbyManager.AskForNewCharacter","message":"master_rpc","data":{"reqPlayerID":2,"msgQueue":true,"scene":"Lobby","actors":"1,2"},"timestamp":1778126869539}
{"sessionId":"f20961","hypothesisId":"H5","location":"LobbyManager.AskForNewCharacter","message":"master_rpc","data":{"reqPlayerID":2,"msgQueue":true,"scene":"Lobby","actors":"1,2"},"timestamp":1778126869544}
{"sessionId":"f20961","hypothesisId":"H5","location":"LobbyManager.AskForNewCharacter","message":"master_rpc","data":{"reqPlayerID":1,"msgQueue":true,"scene":"Lobby","actors":"1,2,3"},"timestamp":1778126880806}
{"sessionId":"f20961","hypothesisId":"H5","location":"LobbyManager.AskForNewCharacter","message":"master_rpc","data":{"reqPlayerID":2,"msgQueue":true,"scene":"Lobby","actors":"1,2,3"},"timestamp":1778126880808}
{"sessionId":"f20961","hypothesisId":"H5","location":"LobbyManager.AskForNewCharacter","message":"master_rpc","data":{"reqPlayerID":3,"msgQueue":true,"scene":"Lobby","actors":"1,2,3"},"timestamp":1778126880809}
{"sessionId":"f20961","hypothesisId":"H5","location":"LobbyManager.AskForNewCharacter","message":"master_rpc","data":{"reqPlayerID":3,"msgQueue":true,"scene":"Lobby","actors":"1,2,3"},"timestamp":1778126880811}
{"sessionId":"f20961","hypothesisId":"H5","location":"LobbyManager.AskForNewCharacter","message":"master_rpc","data":{"reqPlayerID":1,"msgQueue":true,"scene":"Lobby","actors":"1,2,3,4"},"timestamp":1778126896764}
{"sessionId":"f20961","hypothesisId":"H5","location":"LobbyManager.AskForNewCharacter","message":"master_rpc","data":{"reqPlayerID":2,"msgQueue":true,"scene":"Lobby","actors":"1,2,3,4"},"timestamp":1778126896766}
{"sessionId":"f20961","hypothesisId":"H5","location":"LobbyManager.AskForNewCharacter","message":"master_rpc","data":{"reqPlayerID":3,"msgQueue":true,"scene":"Lobby","actors":"1,2,3,4"},"timestamp":1778126896768}
{"sessionId":"f20961","hypothesisId":"H5","location":"LobbyManager.AskForNewCharacter","message":"master_rpc","data":{"reqPlayerID":4,"msgQueue":true,"scene":"Lobby","actors":"1,2,3,4"},"timestamp":1778126896771}
{"sessionId":"f20961","hypothesisId":"H5","location":"LobbyManager.AskForNewCharacter","message":"master_rpc","data":{"reqPlayerID":4,"msgQueue":true,"scene":"Lobby","actors":"1,2,3,4"},"timestamp":1778126896773}
{"sessionId":"f20961","hypothesisId":"H5","location":"LobbyManager.AskForNewCharacter","message":"master_rpc","data":{"reqPlayerID":1,"msgQueue":true,"scene":"Lobby","actors":"1,2,3,4,5"},"timestamp":1778126910764}
{"sessionId":"f20961","hypothesisId":"H5","location":"LobbyManager.AskForNewCharacter","message":"master_rpc","data":{"reqPlayerID":2,"msgQueue":true,"scene":"Lobby","actors":"1,2,3,4,5"},"timestamp":1778126910765}
{"sessionId":"f20961","hypothesisId":"H5","location":"LobbyManager.AskForNewCharacter","message":"master_rpc","data":{"reqPlayerID":3,"msgQueue":true,"scene":"Lobby","actors":"1,2,3,4,5"},"timestamp":1778126910767}
{"sessionId":"f20961","hypothesisId":"H5","location":"LobbyManager.AskForNewCharacter","message":"master_rpc","data":{"reqPlayerID":4,"msgQueue":true,"scene":"Lobby","actors":"1,2,3,4,5"},"timestamp":1778126910769}
{"sessionId":"f20961","hypothesisId":"H5","location":"LobbyManager.AskForNewCharacter","message":"master_rpc","data":{"reqPlayerID":5,"msgQueue":true,"scene":"Lobby","actors":"1,2,3,4,5"},"timestamp":1778126910772}
{"sessionId":"f20961","hypothesisId":"H5","location":"LobbyManager.AskForNewCharacter","message":"master_rpc","data":{"reqPlayerID":5,"msgQueue":true,"scene":"Lobby","actors":"1,2,3,4,5"},"timestamp":1778126910774}
{"sessionId":"f20961","hypothesisId":"H4","location":"TimerAndLoadGame.Start","message":"shop_timer_ui_after_ui","data":{"lvl":1,"isMaster":true,"slider1Active":false,"slider2Active":false,"shopActive":false,"shopCtrlActive":false,"scene":"UnitsSelection"},"timestamp":1778126915706}
{"sessionId":"f20961","hypothesisId":"H4","location":"TimerAndLoadGame.Start","message":"shop_timer_ui_after_ui","data":{"lvl":2,"isMaster":true,"slider1Active":false,"slider2Active":false,"shopActive":false,"shopCtrlActive":true,"scene":"UnitsSelection"},"timestamp":1778126965903}
{"sessionId":"f20961","hypothesisId":"H4","location":"TimerAndLoadGame.Start","message":"shop_timer_ui_after_ui","data":{"lvl":3,"isMaster":true,"slider1Active":false,"slider2Active":false,"shopActive":false,"shopCtrlActive":true,"scene":"UnitsSelection"},"timestamp":1778127060166}
{"sessionId":"f20961","hypothesisId":"H2","location":"CreateAndJoinRooms.OnJoinedRoom","message":"before_password_check","data":{"msgQueue":true,"room":"1"},"timestamp":1778127130435}
{"sessionId":"f20961","hypothesisId":"H3","location":"LobbyManager.CheckPlayerName","message":"enter","data":{"isMaster":true,"localActor":1,"msgQueue":true,"scene":"Lobby","actors":"1"},"timestamp":1778127132126}
{"sessionId":"f20961","hypothesisId":"H5","location":"LobbyManager.AskForNewCharacter","message":"master_rpc","data":{"reqPlayerID":1,"msgQueue":true,"scene":"Lobby","actors":"1,2"},"timestamp":1778127135784}
{"sessionId":"f20961","hypothesisId":"H5","location":"LobbyManager.AskForNewCharacter","message":"master_rpc","data":{"reqPlayerID":2,"msgQueue":true,"scene":"Lobby","actors":"1,2"},"timestamp":1778127135786}
{"sessionId":"f20961","hypothesisId":"H5","location":"LobbyManager.AskForNewCharacter","message":"master_rpc","data":{"reqPlayerID":2,"msgQueue":true,"scene":"Lobby","actors":"1,2"},"timestamp":1778127135789}
{"sessionId":"f20961","hypothesisId":"H5","location":"LobbyManager.AskForNewCharacter","message":"master_rpc","data":{"reqPlayerID":1,"msgQueue":true,"scene":"Lobby","actors":"1,2,3"},"timestamp":1778127139864}
{"sessionId":"f20961","hypothesisId":"H5","location":"LobbyManager.AskForNewCharacter","message":"master_rpc","data":{"reqPlayerID":2,"msgQueue":true,"scene":"Lobby","actors":"1,2,3"},"timestamp":1778127139866}
{"sessionId":"f20961","hypothesisId":"H5","location":"LobbyManager.AskForNewCharacter","message":"master_rpc","data":{"reqPlayerID":3,"msgQueue":true,"scene":"Lobby","actors":"1,2,3"},"timestamp":1778127139868}
{"sessionId":"f20961","hypothesisId":"H5","location":"LobbyManager.AskForNewCharacter","message":"master_rpc","data":{"reqPlayerID":3,"msgQueue":true,"scene":"Lobby","actors":"1,2,3"},"timestamp":1778127139873}
{"sessionId":"f20961","hypothesisId":"H5","location":"LobbyManager.AskForNewCharacter","message":"master_rpc","data":{"reqPlayerID":1,"msgQueue":true,"scene":"Lobby","actors":"1,2,3,4"},"timestamp":1778127144043}
{"sessionId":"f20961","hypothesisId":"H5","location":"LobbyManager.AskForNewCharacter","message":"master_rpc","data":{"reqPlayerID":2,"msgQueue":true,"scene":"Lobby","actors":"1,2,3,4"},"timestamp":1778127144046}
{"sessionId":"f20961","hypothesisId":"H5","location":"LobbyManager.AskForNewCharacter","message":"master_rpc","data":{"reqPlayerID":3,"msgQueue":true,"scene":"Lobby","actors":"1,2,3,4"},"timestamp":1778127144048}
{"sessionId":"f20961","hypothesisId":"H5","location":"LobbyManager.AskForNewCharacter","message":"master_rpc","data":{"reqPlayerID":4,"msgQueue":true,"scene":"Lobby","actors":"1,2,3,4"},"timestamp":1778127144051}
{"sessionId":"f20961","hypothesisId":"H5","location":"LobbyManager.AskForNewCharacter","message":"master_rpc","data":{"reqPlayerID":4,"msgQueue":true,"scene":"Lobby","actors":"1,2,3,4"},"timestamp":1778127144053}
{"sessionId":"f20961","hypothesisId":"H5","location":"LobbyManager.AskForNewCharacter","message":"master_rpc","data":{"reqPlayerID":1,"msgQueue":true,"scene":"Lobby","actors":"1,2,3,4,5"},"timestamp":1778127147861}
{"sessionId":"f20961","hypothesisId":"H5","location":"LobbyManager.AskForNewCharacter","message":"master_rpc","data":{"reqPlayerID":2,"msgQueue":true,"scene":"Lobby","actors":"1,2,3,4,5"},"timestamp":1778127147863}
{"sessionId":"f20961","hypothesisId":"H5","location":"LobbyManager.AskForNewCharacter","message":"master_rpc","data":{"reqPlayerID":3,"msgQueue":true,"scene":"Lobby","actors":"1,2,3,4,5"},"timestamp":1778127147866}
{"sessionId":"f20961","hypothesisId":"H5","location":"LobbyManager.AskForNewCharacter","message":"master_rpc","data":{"reqPlayerID":4,"msgQueue":true,"scene":"Lobby","actors":"1,2,3,4,5"},"timestamp":1778127147868}
{"sessionId":"f20961","hypothesisId":"H5","location":"LobbyManager.AskForNewCharacter","message":"master_rpc","data":{"reqPlayerID":5,"msgQueue":true,"scene":"Lobby","actors":"1,2,3,4,5"},"timestamp":1778127147871}
{"sessionId":"f20961","hypothesisId":"H5","location":"LobbyManager.AskForNewCharacter","message":"master_rpc","data":{"reqPlayerID":5,"msgQueue":true,"scene":"Lobby","actors":"1,2,3,4,5"},"timestamp":1778127147873}
{"sessionId":"f20961","hypothesisId":"H4","location":"TimerAndLoadGame.Start","message":"shop_timer_ui_after_ui","data":{"lvl":1,"isMaster":true,"slider1Active":false,"slider2Active":false,"shopActive":false,"shopCtrlActive":false,"scene":"UnitsSelection"},"timestamp":1778127154944}
{"sessionId":"f20961","hypothesisId":"H4","location":"TimerAndLoadGame.Start","message":"shop_timer_ui_after_ui","data":{"lvl":2,"isMaster":true,"slider1Active":false,"slider2Active":false,"shopActive":false,"shopCtrlActive":true,"scene":"UnitsSelection"},"timestamp":1778127231353}
{"sessionId":"f20961","hypothesisId":"H4","location":"TimerAndLoadGame.Start","message":"shop_timer_ui_after_ui","data":{"lvl":3,"isMaster":true,"slider1Active":false,"slider2Active":false,"shopActive":false,"shopCtrlActive":true,"scene":"UnitsSelection"},"timestamp":1778127287691}
{"sessionId":"f20961","hypothesisId":"H2","location":"CreateAndJoinRooms.OnJoinedRoom","message":"before_password_check","data":{"msgQueue":true,"room":"1"},"timestamp":1778128206097}
{"sessionId":"f20961","hypothesisId":"H3","location":"LobbyManager.CheckPlayerName","message":"enter","data":{"isMaster":true,"localActor":1,"msgQueue":true,"scene":"Lobby","actors":"1"},"timestamp":1778128209047}
{"sessionId":"f20961","hypothesisId":"H5","location":"LobbyManager.AskForNewCharacter","message":"master_rpc","data":{"reqPlayerID":1,"msgQueue":true,"scene":"Lobby","actors":"1,2"},"timestamp":1778128214691}
{"sessionId":"f20961","hypothesisId":"H5","location":"LobbyManager.AskForNewCharacter","message":"master_rpc","data":{"reqPlayerID":2,"msgQueue":true,"scene":"Lobby","actors":"1,2"},"timestamp":1778128214699}
{"sessionId":"f20961","hypothesisId":"H5","location":"LobbyManager.AskForNewCharacter","message":"master_rpc","data":{"reqPlayerID":2,"msgQueue":true,"scene":"Lobby","actors":"1,2"},"timestamp":1778128214703}
{"sessionId":"f20961","hypothesisId":"H5","location":"LobbyManager.AskForNewCharacter","message":"master_rpc","data":{"reqPlayerID":1,"msgQueue":true,"scene":"Lobby","actors":"1,2,3"},"timestamp":1778128221117}
{"sessionId":"f20961","hypothesisId":"H5","location":"LobbyManager.AskForNewCharacter","message":"master_rpc","data":{"reqPlayerID":2,"msgQueue":true,"scene":"Lobby","actors":"1,2,3"},"timestamp":1778128221119}
{"sessionId":"f20961","hypothesisId":"H5","location":"LobbyManager.AskForNewCharacter","message":"master_rpc","data":{"reqPlayerID":3,"msgQueue":true,"scene":"Lobby","actors":"1,2,3"},"timestamp":1778128221124}
{"sessionId":"f20961","hypothesisId":"H5","location":"LobbyManager.AskForNewCharacter","message":"master_rpc","data":{"reqPlayerID":3,"msgQueue":true,"scene":"Lobby","actors":"1,2,3"},"timestamp":1778128221131}
{"sessionId":"f20961","hypothesisId":"H5","location":"LobbyManager.AskForNewCharacter","message":"master_rpc","data":{"reqPlayerID":1,"msgQueue":true,"scene":"Lobby","actors":"1,2,3,4"},"timestamp":1778128227442}
{"sessionId":"f20961","hypothesisId":"H5","location":"LobbyManager.AskForNewCharacter","message":"master_rpc","data":{"reqPlayerID":2,"msgQueue":true,"scene":"Lobby","actors":"1,2,3,4"},"timestamp":1778128227445}
{"sessionId":"f20961","hypothesisId":"H5","location":"LobbyManager.AskForNewCharacter","message":"master_rpc","data":{"reqPlayerID":3,"msgQueue":true,"scene":"Lobby","actors":"1,2,3,4"},"timestamp":1778128227448}
{"sessionId":"f20961","hypothesisId":"H5","location":"LobbyManager.AskForNewCharacter","message":"master_rpc","data":{"reqPlayerID":4,"msgQueue":true,"scene":"Lobby","actors":"1,2,3,4"},"timestamp":1778128227451}
{"sessionId":"f20961","hypothesisId":"H5","location":"LobbyManager.AskForNewCharacter","message":"master_rpc","data":{"reqPlayerID":4,"msgQueue":true,"scene":"Lobby","actors":"1,2,3,4"},"timestamp":1778128227456}
{"sessionId":"f20961","hypothesisId":"H5","location":"LobbyManager.AskForNewCharacter","message":"master_rpc","data":{"reqPlayerID":1,"msgQueue":true,"scene":"Lobby","actors":"1,2,3,4,5"},"timestamp":1778128232680}
{"sessionId":"f20961","hypothesisId":"H5","location":"LobbyManager.AskForNewCharacter","message":"master_rpc","data":{"reqPlayerID":2,"msgQueue":true,"scene":"Lobby","actors":"1,2,3,4,5"},"timestamp":1778128232702}
{"sessionId":"f20961","hypothesisId":"H5","location":"LobbyManager.AskForNewCharacter","message":"master_rpc","data":{"reqPlayerID":3,"msgQueue":true,"scene":"Lobby","actors":"1,2,3,4,5"},"timestamp":1778128232705}
{"sessionId":"f20961","hypothesisId":"H5","location":"LobbyManager.AskForNewCharacter","message":"master_rpc","data":{"reqPlayerID":4,"msgQueue":true,"scene":"Lobby","actors":"1,2,3,4,5"},"timestamp":1778128232709}
{"sessionId":"f20961","hypothesisId":"H5","location":"LobbyManager.AskForNewCharacter","message":"master_rpc","data":{"reqPlayerID":5,"msgQueue":true,"scene":"Lobby","actors":"1,2,3,4,5"},"timestamp":1778128232712}
{"sessionId":"f20961","hypothesisId":"H5","location":"LobbyManager.AskForNewCharacter","message":"master_rpc","data":{"reqPlayerID":5,"msgQueue":true,"scene":"Lobby","actors":"1,2,3,4,5"},"timestamp":1778128232715}
{"sessionId":"f20961","hypothesisId":"H4","location":"TimerAndLoadGame.Start","message":"shop_timer_ui_after_ui","data":{"lvl":1,"isMaster":true,"slider1Active":false,"slider2Active":false,"shopActive":false,"shopCtrlActive":false,"scene":"UnitsSelection"},"timestamp":1778128242188}
{"sessionId":"f20961","hypothesisId":"H4","location":"TimerAndLoadGame.Start","message":"shop_timer_ui_after_ui","data":{"lvl":2,"isMaster":true,"slider1Active":false,"slider2Active":false,"shopActive":false,"shopCtrlActive":true,"scene":"UnitsSelection"},"timestamp":1778128290817}
{"sessionId":"f20961","hypothesisId":"H2","location":"CreateAndJoinRooms.OnJoinedRoom","message":"before_password_check","data":{"msgQueue":true,"room":"1"},"timestamp":1778128649756}
{"sessionId":"f20961","hypothesisId":"H3","location":"LobbyManager.CheckPlayerName","message":"enter","data":{"isMaster":true,"localActor":1,"msgQueue":true,"scene":"Lobby","actors":"1"},"timestamp":1778128652140}
{"sessionId":"f20961","hypothesisId":"H5","location":"LobbyManager.AskForNewCharacter","message":"master_rpc","data":{"reqPlayerID":1,"msgQueue":true,"scene":"Lobby","actors":"1,2"},"timestamp":1778128657058}
{"sessionId":"f20961","hypothesisId":"H5","location":"LobbyManager.AskForNewCharacter","message":"master_rpc","data":{"reqPlayerID":2,"msgQueue":true,"scene":"Lobby","actors":"1,2"},"timestamp":1778128657069}
{"sessionId":"f20961","hypothesisId":"H5","location":"LobbyManager.AskForNewCharacter","message":"master_rpc","data":{"reqPlayerID":2,"msgQueue":true,"scene":"Lobby","actors":"1,2"},"timestamp":1778128657075}
{"sessionId":"f20961","hypothesisId":"H5","location":"LobbyManager.AskForNewCharacter","message":"master_rpc","data":{"reqPlayerID":1,"msgQueue":true,"scene":"Lobby","actors":"1,2,3"},"timestamp":1778128665250}
{"sessionId":"f20961","hypothesisId":"H5","location":"LobbyManager.AskForNewCharacter","message":"master_rpc","data":{"reqPlayerID":2,"msgQueue":true,"scene":"Lobby","actors":"1,2,3"},"timestamp":1778128665252}
{"sessionId":"f20961","hypothesisId":"H5","location":"LobbyManager.AskForNewCharacter","message":"master_rpc","data":{"reqPlayerID":3,"msgQueue":true,"scene":"Lobby","actors":"1,2,3"},"timestamp":1778128665254}
{"sessionId":"f20961","hypothesisId":"H5","location":"LobbyManager.AskForNewCharacter","message":"master_rpc","data":{"reqPlayerID":3,"msgQueue":true,"scene":"Lobby","actors":"1,2,3"},"timestamp":1778128665256}
{"sessionId":"f20961","hypothesisId":"H5","location":"LobbyManager.AskForNewCharacter","message":"master_rpc","data":{"reqPlayerID":1,"msgQueue":true,"scene":"Lobby","actors":"1,2,3,4"},"timestamp":1778128671509}
{"sessionId":"f20961","hypothesisId":"H5","location":"LobbyManager.AskForNewCharacter","message":"master_rpc","data":{"reqPlayerID":2,"msgQueue":true,"scene":"Lobby","actors":"1,2,3,4"},"timestamp":1778128671513}
{"sessionId":"f20961","hypothesisId":"H5","location":"LobbyManager.AskForNewCharacter","message":"master_rpc","data":{"reqPlayerID":3,"msgQueue":true,"scene":"Lobby","actors":"1,2,3,4"},"timestamp":1778128671515}
{"sessionId":"f20961","hypothesisId":"H5","location":"LobbyManager.AskForNewCharacter","message":"master_rpc","data":{"reqPlayerID":4,"msgQueue":true,"scene":"Lobby","actors":"1,2,3,4"},"timestamp":1778128671517}
{"sessionId":"f20961","hypothesisId":"H5","location":"LobbyManager.AskForNewCharacter","message":"master_rpc","data":{"reqPlayerID":4,"msgQueue":true,"scene":"Lobby","actors":"1,2,3,4"},"timestamp":1778128671521}
{"sessionId":"f20961","hypothesisId":"H5","location":"LobbyManager.AskForNewCharacter","message":"master_rpc","data":{"reqPlayerID":1,"msgQueue":true,"scene":"Lobby","actors":"1,2,3,4,5"},"timestamp":1778128676089}
{"sessionId":"f20961","hypothesisId":"H5","location":"LobbyManager.AskForNewCharacter","message":"master_rpc","data":{"reqPlayerID":2,"msgQueue":true,"scene":"Lobby","actors":"1,2,3,4,5"},"timestamp":1778128676092}
{"sessionId":"f20961","hypothesisId":"H5","location":"LobbyManager.AskForNewCharacter","message":"master_rpc","data":{"reqPlayerID":3,"msgQueue":true,"scene":"Lobby","actors":"1,2,3,4,5"},"timestamp":1778128676095}
{"sessionId":"f20961","hypothesisId":"H5","location":"LobbyManager.AskForNewCharacter","message":"master_rpc","data":{"reqPlayerID":4,"msgQueue":true,"scene":"Lobby","actors":"1,2,3,4,5"},"timestamp":1778128676098}
{"sessionId":"f20961","hypothesisId":"H5","location":"LobbyManager.AskForNewCharacter","message":"master_rpc","data":{"reqPlayerID":5,"msgQueue":true,"scene":"Lobby","actors":"1,2,3,4,5"},"timestamp":1778128676101}
{"sessionId":"f20961","hypothesisId":"H5","location":"LobbyManager.AskForNewCharacter","message":"master_rpc","data":{"reqPlayerID":5,"msgQueue":true,"scene":"Lobby","actors":"1,2,3,4,5"},"timestamp":1778128676103}
{"sessionId":"f20961","hypothesisId":"H4","location":"TimerAndLoadGame.Start","message":"shop_timer_ui_after_ui","data":{"lvl":1,"isMaster":true,"slider1Active":false,"slider2Active":false,"shopActive":false,"shopCtrlActive":false,"scene":"UnitsSelection"},"timestamp":1778128690888}
{"sessionId":"f20961","hypothesisId":"H4","location":"TimerAndLoadGame.Start","message":"shop_timer_ui_after_ui","data":{"lvl":2,"isMaster":true,"slider1Active":false,"slider2Active":false,"shopActive":false,"shopCtrlActive":true,"scene":"UnitsSelection"},"timestamp":1778128751631}
{"sessionId":"f20961","hypothesisId":"H4","location":"TimerAndLoadGame.Start","message":"shop_timer_ui_after_ui","data":{"lvl":3,"isMaster":true,"slider1Active":false,"slider2Active":false,"shopActive":false,"shopCtrlActive":true,"scene":"UnitsSelection"},"timestamp":1778128938836}
{"sessionId":"f20961","hypothesisId":"H1","location":"UnitLoaderController.OnPlayerLeftRoom","message":"player_left","data":{"leftActor":3,"stillInPlayerList":false,"heroIndex":-1,"readyIndex":-1,"msgQueue":true,"actors":"1,2,4,5"},"timestamp":1778129119152}
{"sessionId":"f20961","hypothesisId":"H1","location":"UnitLoaderController.OnPlayerLeftRoom","message":"after_dict_sync","data":{"removedActor":3,"heroSlotsWithData":"1110","dictActors":"2,4,5"},"timestamp":1778129119159}
{"sessionId":"f20961","hypothesisId":"H2","location":"CreateAndJoinRooms.OnJoinedRoom","message":"before_password_check","data":{"msgQueue":true,"room":"1"},"timestamp":1778129483061}
{"sessionId":"f20961","hypothesisId":"H3","location":"LobbyManager.CheckPlayerName","message":"enter","data":{"isMaster":true,"localActor":1,"msgQueue":true,"scene":"Lobby","actors":"1"},"timestamp":1778129485971}
{"sessionId":"f20961","hypothesisId":"H5","location":"LobbyManager.AskForNewCharacter","message":"master_rpc","data":{"reqPlayerID":1,"msgQueue":true,"scene":"Lobby","actors":"1,2"},"timestamp":1778129490657}
{"sessionId":"f20961","hypothesisId":"H5","location":"LobbyManager.AskForNewCharacter","message":"master_rpc","data":{"reqPlayerID":2,"msgQueue":true,"scene":"Lobby","actors":"1,2"},"timestamp":1778129490675}
{"sessionId":"f20961","hypothesisId":"H5","location":"LobbyManager.AskForNewCharacter","message":"master_rpc","data":{"reqPlayerID":2,"msgQueue":true,"scene":"Lobby","actors":"1,2"},"timestamp":1778129490682}
{"sessionId":"f20961","hypothesisId":"H5","location":"LobbyManager.AskForNewCharacter","message":"master_rpc","data":{"reqPlayerID":1,"msgQueue":true,"scene":"Lobby","actors":"1,2,3"},"timestamp":1778129495959}
{"sessionId":"f20961","hypothesisId":"H5","location":"LobbyManager.AskForNewCharacter","message":"master_rpc","data":{"reqPlayerID":2,"msgQueue":true,"scene":"Lobby","actors":"1,2,3"},"timestamp":1778129495961}
{"sessionId":"f20961","hypothesisId":"H5","location":"LobbyManager.AskForNewCharacter","message":"master_rpc","data":{"reqPlayerID":3,"msgQueue":true,"scene":"Lobby","actors":"1,2,3"},"timestamp":1778129495963}
{"sessionId":"f20961","hypothesisId":"H5","location":"LobbyManager.AskForNewCharacter","message":"master_rpc","data":{"reqPlayerID":3,"msgQueue":true,"scene":"Lobby","actors":"1,2,3"},"timestamp":1778129495965}
{"sessionId":"f20961","hypothesisId":"H5","location":"LobbyManager.AskForNewCharacter","message":"master_rpc","data":{"reqPlayerID":1,"msgQueue":true,"scene":"Lobby","actors":"1,2,3,4"},"timestamp":1778129500519}
{"sessionId":"f20961","hypothesisId":"H5","location":"LobbyManager.AskForNewCharacter","message":"master_rpc","data":{"reqPlayerID":2,"msgQueue":true,"scene":"Lobby","actors":"1,2,3,4"},"timestamp":1778129500522}
{"sessionId":"f20961","hypothesisId":"H5","location":"LobbyManager.AskForNewCharacter","message":"master_rpc","data":{"reqPlayerID":3,"msgQueue":true,"scene":"Lobby","actors":"1,2,3,4"},"timestamp":1778129500526}
{"sessionId":"f20961","hypothesisId":"H5","location":"LobbyManager.AskForNewCharacter","message":"master_rpc","data":{"reqPlayerID":4,"msgQueue":true,"scene":"Lobby","actors":"1,2,3,4"},"timestamp":1778129500528}
{"sessionId":"f20961","hypothesisId":"H5","location":"LobbyManager.AskForNewCharacter","message":"master_rpc","data":{"reqPlayerID":4,"msgQueue":true,"scene":"Lobby","actors":"1,2,3,4"},"timestamp":1778129500530}
{"sessionId":"f20961","hypothesisId":"H5","location":"LobbyManager.AskForNewCharacter","message":"master_rpc","data":{"reqPlayerID":1,"msgQueue":true,"scene":"Lobby","actors":"1,2,3,4,5"},"timestamp":1778129503744}
{"sessionId":"f20961","hypothesisId":"H5","location":"LobbyManager.AskForNewCharacter","message":"master_rpc","data":{"reqPlayerID":2,"msgQueue":true,"scene":"Lobby","actors":"1,2,3,4,5"},"timestamp":1778129503746}
{"sessionId":"f20961","hypothesisId":"H5","location":"LobbyManager.AskForNewCharacter","message":"master_rpc","data":{"reqPlayerID":3,"msgQueue":true,"scene":"Lobby","actors":"1,2,3,4,5"},"timestamp":1778129503749}
{"sessionId":"f20961","hypothesisId":"H5","location":"LobbyManager.AskForNewCharacter","message":"master_rpc","data":{"reqPlayerID":4,"msgQueue":true,"scene":"Lobby","actors":"1,2,3,4,5"},"timestamp":1778129503751}
{"sessionId":"f20961","hypothesisId":"H5","location":"LobbyManager.AskForNewCharacter","message":"master_rpc","data":{"reqPlayerID":5,"msgQueue":true,"scene":"Lobby","actors":"1,2,3,4,5"},"timestamp":1778129503754}
{"sessionId":"f20961","hypothesisId":"H5","location":"LobbyManager.AskForNewCharacter","message":"master_rpc","data":{"reqPlayerID":5,"msgQueue":true,"scene":"Lobby","actors":"1,2,3,4,5"},"timestamp":1778129503757}
{"sessionId":"f20961","hypothesisId":"H4","location":"TimerAndLoadGame.Start","message":"shop_timer_ui_after_ui","data":{"lvl":1,"isMaster":true,"slider1Active":false,"slider2Active":false,"shopActive":false,"shopCtrlActive":false,"scene":"UnitsSelection"},"timestamp":1778129519671}
{"sessionId":"f20961","hypothesisId":"H2","location":"CreateAndJoinRooms.OnJoinedRoom","message":"before_password_check","data":{"msgQueue":true,"room":"12"},"timestamp":1778129563266}
{"sessionId":"f20961","hypothesisId":"H3","location":"LobbyManager.CheckPlayerName","message":"enter","data":{"isMaster":true,"localActor":1,"msgQueue":true,"scene":"Lobby","actors":"1"},"timestamp":1778129564951}
{"sessionId":"f20961","hypothesisId":"H5","location":"LobbyManager.AskForNewCharacter","message":"master_rpc","data":{"reqPlayerID":1,"msgQueue":true,"scene":"Lobby","actors":"1,2"},"timestamp":1778129580223}
{"sessionId":"f20961","hypothesisId":"H5","location":"LobbyManager.AskForNewCharacter","message":"master_rpc","data":{"reqPlayerID":2,"msgQueue":true,"scene":"Lobby","actors":"1,2"},"timestamp":1778129580225}
{"sessionId":"f20961","hypothesisId":"H5","location":"LobbyManager.AskForNewCharacter","message":"master_rpc","data":{"reqPlayerID":2,"msgQueue":true,"scene":"Lobby","actors":"1,2"},"timestamp":1778129580227}
{"sessionId":"f20961","hypothesisId":"H5","location":"LobbyManager.AskForNewCharacter","message":"master_rpc","data":{"reqPlayerID":1,"msgQueue":true,"scene":"Lobby","actors":"1,2,3"},"timestamp":1778129582462}
{"sessionId":"f20961","hypothesisId":"H5","location":"LobbyManager.AskForNewCharacter","message":"master_rpc","data":{"reqPlayerID":2,"msgQueue":true,"scene":"Lobby","actors":"1,2,3"},"timestamp":1778129582464}
{"sessionId":"f20961","hypothesisId":"H5","location":"LobbyManager.AskForNewCharacter","message":"master_rpc","data":{"reqPlayerID":3,"msgQueue":true,"scene":"Lobby","actors":"1,2,3"},"timestamp":1778129582467}
{"sessionId":"f20961","hypothesisId":"H5","location":"LobbyManager.AskForNewCharacter","message":"master_rpc","data":{"reqPlayerID":3,"msgQueue":true,"scene":"Lobby","actors":"1,2,3"},"timestamp":1778129582469}
{"sessionId":"f20961","hypothesisId":"H5","location":"LobbyManager.AskForNewCharacter","message":"master_rpc","data":{"reqPlayerID":1,"msgQueue":true,"scene":"Lobby","actors":"1,2,3,4"},"timestamp":1778129586462}
{"sessionId":"f20961","hypothesisId":"H5","location":"LobbyManager.AskForNewCharacter","message":"master_rpc","data":{"reqPlayerID":2,"msgQueue":true,"scene":"Lobby","actors":"1,2,3,4"},"timestamp":1778129586464}
{"sessionId":"f20961","hypothesisId":"H5","location":"LobbyManager.AskForNewCharacter","message":"master_rpc","data":{"reqPlayerID":3,"msgQueue":true,"scene":"Lobby","actors":"1,2,3,4"},"timestamp":1778129586466}
{"sessionId":"f20961","hypothesisId":"H5","location":"LobbyManager.AskForNewCharacter","message":"master_rpc","data":{"reqPlayerID":4,"msgQueue":true,"scene":"Lobby","actors":"1,2,3,4"},"timestamp":1778129586468}
{"sessionId":"f20961","hypothesisId":"H5","location":"LobbyManager.AskForNewCharacter","message":"master_rpc","data":{"reqPlayerID":4,"msgQueue":true,"scene":"Lobby","actors":"1,2,3,4"},"timestamp":1778129586470}
{"sessionId":"f20961","hypothesisId":"H5","location":"LobbyManager.AskForNewCharacter","message":"master_rpc","data":{"reqPlayerID":1,"msgQueue":true,"scene":"Lobby","actors":"1,2,3,4,5"},"timestamp":1778129588804}
{"sessionId":"f20961","hypothesisId":"H5","location":"LobbyManager.AskForNewCharacter","message":"master_rpc","data":{"reqPlayerID":2,"msgQueue":true,"scene":"Lobby","actors":"1,2,3,4,5"},"timestamp":1778129588809}
{"sessionId":"f20961","hypothesisId":"H5","location":"LobbyManager.AskForNewCharacter","message":"master_rpc","data":{"reqPlayerID":3,"msgQueue":true,"scene":"Lobby","actors":"1,2,3,4,5"},"timestamp":1778129588812}
{"sessionId":"f20961","hypothesisId":"H5","location":"LobbyManager.AskForNewCharacter","message":"master_rpc","data":{"reqPlayerID":4,"msgQueue":true,"scene":"Lobby","actors":"1,2,3,4,5"},"timestamp":1778129588817}
{"sessionId":"f20961","hypothesisId":"H5","location":"LobbyManager.AskForNewCharacter","message":"master_rpc","data":{"reqPlayerID":5,"msgQueue":true,"scene":"Lobby","actors":"1,2,3,4,5"},"timestamp":1778129588822}
{"sessionId":"f20961","hypothesisId":"H5","location":"LobbyManager.AskForNewCharacter","message":"master_rpc","data":{"reqPlayerID":5,"msgQueue":true,"scene":"Lobby","actors":"1,2,3,4,5"},"timestamp":1778129588827}
{"sessionId":"f20961","hypothesisId":"H4","location":"TimerAndLoadGame.Start","message":"shop_timer_ui_after_ui","data":{"lvl":1,"isMaster":true,"slider1Active":false,"slider2Active":false,"shopActive":false,"shopCtrlActive":false,"scene":"UnitsSelection"},"timestamp":1778129599603}
{"sessionId":"f20961","hypothesisId":"H4","location":"TimerAndLoadGame.Start","message":"shop_timer_ui_after_ui","data":{"lvl":2,"isMaster":true,"slider1Active":false,"slider2Active":false,"shopActive":false,"shopCtrlActive":true,"scene":"UnitsSelection"},"timestamp":1778129638695}
{"sessionId":"f20961","hypothesisId":"H4","location":"TimerAndLoadGame.Start","message":"shop_timer_ui_after_ui","data":{"lvl":3,"isMaster":true,"slider1Active":false,"slider2Active":false,"shopActive":false,"shopCtrlActive":true,"scene":"UnitsSelection"},"timestamp":1778129719625}
